<?xml version="1.0" encoding="UTF-8"?>
<!-- Generated by org.testng.reporters.JUnitReportReporter -->
<testsuite hostname="L-000852" name="test.TestAli" tests="1" failures="0" timestamp="8 Sep 2016 14:40:31 GMT" time="57.272" errors="0">
  <testcase name="f" time="57.272" classname="test.TestAli"/>
</testsuite> <!-- test.TestAli -->
